  [4;36;1mSQL (0.2ms)[0m   [0;1mSET SQL_AUTO_IS_NULL=0[0m
  [4;35;1mSQL (0.3ms)[0m   [0mSHOW TABLES[0m
  [4;36;1mSQL (152.8ms)[0m   [0;1mCREATE TABLE `schema_migrations` (`version` varchar(255) NOT NULL) ENGINE=InnoDB[0m
  [4;35;1mSQL (20.7ms)[0m   [0mSHOW KEYS FROM `schema_migrations`[0m
  [4;36;1mSQL (213.6ms)[0m   [0;1mCREATE UNIQUE INDEX `unique_schema_migrations` ON `schema_migrations` (`version`)[0m
  [4;35;1mSQL (0.4ms)[0m   [0mSHOW TABLES[0m
  [4;36;1mSQL (20.9ms)[0m   [0;1mSELECT version FROM schema_migrations[0m
Migrating to CreateUsers (20110531101031)
  [4;35;1mSQL (156.8ms)[0m   [0mCREATE TABLE `users` (`id` int(11) DEFAULT NULL auto_increment PRIMARY KEY, `name` varchar(255), `email` varchar(255), `phone_number` varchar(255), `organization` varchar(255), `designation` varchar(255), `current_organization` varchar(255), `total_experience` float, `relevant_experience` float, `current_ctc` float, `expected_ctc` float, `notice_period` int(11), `employee_type` int(11), `qualification_id` varchar(255), `year_of_passout` int(11), `current_location_id` int(11), `preferred_location_id` int(11), `date_of_birth` datetime, `passport_number` varchar(255), `pan_number` varchar(255), `created_at` datetime, `updated_at` datetime) ENGINE=InnoDB[0m
  [4;36;1mSQL (33.0ms)[0m   [0;1mINSERT INTO schema_migrations (version) VALUES ('20110531101031')[0m
Migrating to CreateQualifications (20110531102204)
  [4;35;1mSQL (164.1ms)[0m   [0mCREATE TABLE `qualifications` (`id` int(11) DEFAULT NULL auto_increment PRIMARY KEY, `name` varchar(255), `created_at` datetime, `updated_at` datetime) ENGINE=InnoDB[0m
  [4;36;1mSQL (43.1ms)[0m   [0;1mINSERT INTO schema_migrations (version) VALUES ('20110531102204')[0m
Migrating to CreateLocations (20110531102214)
  [4;35;1mSQL (129.2ms)[0m   [0mCREATE TABLE `locations` (`id` int(11) DEFAULT NULL auto_increment PRIMARY KEY, `name` varchar(255), `created_at` datetime, `updated_at` datetime) ENGINE=InnoDB[0m
  [4;36;1mSQL (43.3ms)[0m   [0;1mINSERT INTO schema_migrations (version) VALUES ('20110531102214')[0m
  [4;35;1mSQL (0.5ms)[0m   [0mSHOW TABLES[0m
  [4;36;1mSQL (0.3ms)[0m   [0;1mSELECT version FROM schema_migrations[0m
  [4;35;1mSQL (0.3ms)[0m   [0mSHOW TABLES[0m
  [4;36;1mSQL (25.7ms)[0m   [0;1mSHOW FIELDS FROM `locations`[0m
  [4;35;1mSQL (0.9ms)[0m   [0mdescribe `locations`[0m
  [4;36;1mSQL (0.6ms)[0m   [0;1mSHOW KEYS FROM `locations`[0m
  [4;35;1mSQL (7.0ms)[0m   [0mSHOW FIELDS FROM `qualifications`[0m
  [4;36;1mSQL (0.9ms)[0m   [0;1mdescribe `qualifications`[0m
  [4;35;1mSQL (1.7ms)[0m   [0mSHOW KEYS FROM `qualifications`[0m
  [4;36;1mSQL (5.3ms)[0m   [0;1mSHOW FIELDS FROM `users`[0m
  [4;35;1mSQL (1.6ms)[0m   [0mdescribe `users`[0m
  [4;36;1mSQL (1.0ms)[0m   [0;1mSHOW KEYS FROM `users`[0m
  [4;36;1mSQL (0.1ms)[0m   [0;1mSET SQL_AUTO_IS_NULL=0[0m


Processing UsersController#index (for 127.0.0.1 at 2011-05-31 15:55:58) [GET]
  [4;35;1mUser Load (0.4ms)[0m   [0mSELECT * FROM `users` [0m
Rendering template within layouts/users
Rendering users/index
Completed in 37ms (View: 33, DB: 1) | 200 OK [http://localhost/]
  [4;36;1mSQL (0.1ms)[0m   [0;1mSET SQL_AUTO_IS_NULL=0[0m


Processing UsersController#new (for 127.0.0.1 at 2011-05-31 15:56:00) [GET]
  [4;35;1mUser Columns (2.0ms)[0m   [0mSHOW FIELDS FROM `users`[0m
Rendering template within layouts/users
Rendering users/new
Completed in 22ms (View: 16, DB: 2) | 200 OK [http://localhost/users/new]
  [4;36;1mSQL (0.1ms)[0m   [0;1mSET SQL_AUTO_IS_NULL=0[0m


Processing UsersController#new (for 127.0.0.1 at 2011-05-31 15:56:22) [GET]
  [4;35;1mUser Columns (1.4ms)[0m   [0mSHOW FIELDS FROM `users`[0m
Rendering template within layouts/application
Rendering users/new

ActionView::TemplateError (undefined local variable or method `active_scaffold_includes' for #<ActionView::Base:0x99c33f4>) on line #13 of app/views/layouts/application.html.erb:
10:     <link rel="stylesheet" type="text/css" href="/stylesheets/default.css" media="screen"/>
11:     <title>RS-Database</title>
12:     <%= javascript_include_tag :defaults %>
13:     <%= active_scaffold_includes %>
14:   </head>
15: 
16:   <body>

    app/views/layouts/application.html.erb:13
    app/controllers/users_controller.rb:30:in `new'

Rendered rescues/_trace (36.9ms)
Rendered rescues/_request_and_response (14.7ms)
Rendering rescues/layout (internal_server_error)
  [4;36;1mSQL (0.1ms)[0m   [0;1mSET SQL_AUTO_IS_NULL=0[0m


Processing UsersController#new (for 127.0.0.1 at 2011-05-31 15:56:34) [GET]
  [4;35;1mUser Columns (9.8ms)[0m   [0mSHOW FIELDS FROM `users`[0m
Rendering template within layouts/application
Rendering users/new
Completed in 26ms (View: 11, DB: 10) | 200 OK [http://localhost/users/new]
  [4;36;1mSQL (0.1ms)[0m   [0;1mSET SQL_AUTO_IS_NULL=0[0m


Processing ApplicationController#index (for 127.0.0.1 at 2011-05-31 15:56:34) [GET]

ActionController::RoutingError (No route matches "/stylesheets/default.css" with {:method=>:get}):
  

Rendering rescues/layout (not_found)
  [4;35;1mSQL (0.1ms)[0m   [0mSET SQL_AUTO_IS_NULL=0[0m


Processing UsersController#new (for 127.0.0.1 at 2011-05-31 15:56:40) [GET]
  [4;36;1mUser Columns (1.4ms)[0m   [0;1mSHOW FIELDS FROM `users`[0m
Rendering template within layouts/application
Rendering users/new
Completed in 20ms (View: 13, DB: 2) | 200 OK [http://localhost/users/new]
  [4;35;1mSQL (1.9ms)[0m   [0mSET SQL_AUTO_IS_NULL=0[0m


Processing UsersController#stylesheets to css (for 127.0.0.1 at 2011-05-31 15:56:40) [GET]
  Parameters: {"id"=>"default"}

ActionController::UnknownAction (No action responded to stylesheets. Actions: create, destroy, edit, index, new, show, and update):
  

Rendering rescues/layout (not_found)
  [4;36;1mSQL (0.1ms)[0m   [0;1mSET SQL_AUTO_IS_NULL=0[0m


Processing UsersController#new (for 127.0.0.1 at 2011-05-31 15:57:01) [GET]
  [4;35;1mUser Columns (1.2ms)[0m   [0mSHOW FIELDS FROM `users`[0m
Rendering template within layouts/application
Rendering users/new
Completed in 15ms (View: 10, DB: 1) | 200 OK [http://localhost/users/new]
  [4;36;1mSQL (0.1ms)[0m   [0;1mSET SQL_AUTO_IS_NULL=0[0m


Processing UsersController#stylesheets to css (for 127.0.0.1 at 2011-05-31 15:57:01) [GET]
  Parameters: {"id"=>"default"}

ActionController::UnknownAction (No action responded to stylesheets. Actions: create, destroy, edit, index, new, show, and update):
  

Rendering rescues/layout (not_found)
  [4;35;1mSQL (0.1ms)[0m   [0mSET SQL_AUTO_IS_NULL=0[0m


Processing UsersController#new (for 127.0.0.1 at 2011-05-31 15:57:04) [GET]
  [4;36;1mUser Columns (1.2ms)[0m   [0;1mSHOW FIELDS FROM `users`[0m
Rendering template within layouts/application
Rendering users/new
Completed in 24ms (View: 18, DB: 1) | 200 OK [http://localhost/users/new]
  [4;35;1mSQL (0.1ms)[0m   [0mSET SQL_AUTO_IS_NULL=0[0m


Processing UsersController#index (for 127.0.0.1 at 2011-05-31 15:57:08) [GET]
  [4;36;1mUser Load (0.1ms)[0m   [0;1mSELECT * FROM `users` [0m
Rendering template within layouts/application
Rendering users/index
Completed in 5ms (View: 2, DB: 0) | 200 OK [http://localhost/users]
  [4;35;1mSQL (0.1ms)[0m   [0mSET SQL_AUTO_IS_NULL=0[0m


Processing UsersController#index (for 127.0.0.1 at 2011-05-31 15:58:09) [GET]
  [4;36;1mUser Load (0.1ms)[0m   [0;1mSELECT * FROM `users` [0m
Rendering template within layouts/application
Rendering users/index
Completed in 10ms (View: 6, DB: 0) | 200 OK [http://localhost/users]
  [4;35;1mSQL (0.1ms)[0m   [0mSET SQL_AUTO_IS_NULL=0[0m


Processing UsersController#index (for 127.0.0.1 at 2011-05-31 15:58:16) [GET]
  [4;36;1mUser Load (0.1ms)[0m   [0;1mSELECT * FROM `users` [0m
Rendering template within layouts/application
Rendering users/index
Completed in 11ms (View: 2, DB: 0) | 200 OK [http://localhost/users]
  [4;35;1mSQL (0.1ms)[0m   [0mSET SQL_AUTO_IS_NULL=0[0m


Processing UsersController#index (for 127.0.0.1 at 2011-05-31 15:58:40) [GET]
  [4;36;1mUser Load (9.9ms)[0m   [0;1mSELECT * FROM `users` [0m
Rendering template within layouts/application
Rendering users/index
Completed in 21ms (View: 6, DB: 10) | 200 OK [http://localhost/users]
  [4;35;1mSQL (0.1ms)[0m   [0mSET SQL_AUTO_IS_NULL=0[0m


Processing UsersController#index (for 127.0.0.1 at 2011-05-31 15:58:49) [GET]
  [4;36;1mUser Load (0.1ms)[0m   [0;1mSELECT * FROM `users` [0m
Rendering template within layouts/application
Rendering users/index
Completed in 25ms (View: 21, DB: 0) | 200 OK [http://localhost/users]
  [4;35;1mSQL (0.1ms)[0m   [0mSET SQL_AUTO_IS_NULL=0[0m


Processing UsersController#new (for 127.0.0.1 at 2011-05-31 15:58:53) [GET]
  [4;36;1mUser Columns (1.2ms)[0m   [0;1mSHOW FIELDS FROM `users`[0m
Rendering template within layouts/application
Rendering users/new
Completed in 18ms (View: 10, DB: 1) | 200 OK [http://localhost/users/new]
  [4;35;1mSQL (0.1ms)[0m   [0mSET SQL_AUTO_IS_NULL=0[0m


Processing ApplicationController#index (for 127.0.0.1 at 2011-05-31 15:58:55) [GET]

ActionController::RoutingError (No route matches "/images/favicon.ico" with {:method=>:get}):
  

Rendering rescues/layout (not_found)
  [4;36;1mSQL (0.1ms)[0m   [0;1mSET SQL_AUTO_IS_NULL=0[0m


Processing UsersController#create (for 127.0.0.1 at 2011-05-31 15:58:59) [POST]
  Parameters: {"commit"=>"Create", "authenticity_token"=>"vwwpmKH4rP0yEJ0kOMw4XVVHkZqddTMS7WxEUeYU1mU="}
  [4;35;1mUser Columns (14.7ms)[0m   [0mSHOW FIELDS FROM `users`[0m
  [4;36;1mSQL (18.5ms)[0m   [0;1mBEGIN[0m
  [4;35;1mUser Create (10.6ms)[0m   [0mINSERT INTO `users` (`name`, `passport_number`, `year_of_passout`, `created_at`, `employee_type`, `qualification_id`, `current_location_id`, `pan_number`, `designation`, `current_organization`, `current_ctc`, `updated_at`, `expected_ctc`, `relevant_experience`, `phone_number`, `total_experience`, `organization`, `date_of_birth`, `preferred_location_id`, `email`, `notice_period`) VALUES(NULL, NULL, NULL, '2011-05-31 10:28:59', NULL, NULL, NULL, NULL, NULL, NULL, NULL, '2011-05-31 10:28:59', NULL, NULL, NULL, NULL, NULL, NULL, NULL, NULL, NULL)[0m
  [4;36;1mSQL (64.4ms)[0m   [0;1mCOMMIT[0m
Redirected to http://localhost:3000/users/1
Completed in 118ms (DB: 108) | 302 Found [http://localhost/users]
  [4;35;1mSQL (0.1ms)[0m   [0mSET SQL_AUTO_IS_NULL=0[0m


Processing UsersController#show (for 127.0.0.1 at 2011-05-31 15:59:00) [GET]
  Parameters: {"id"=>"1"}
  [4;36;1mUser Columns (1.7ms)[0m   [0;1mSHOW FIELDS FROM `users`[0m
  [4;35;1mUser Load (9.2ms)[0m   [0mSELECT * FROM `users` WHERE (`users`.`id` = 1) [0m
Rendering template within layouts/application
Rendering users/show
Completed in 21ms (View: 5, DB: 11) | 200 OK [http://localhost/users/1]
  [4;36;1mSQL (0.1ms)[0m   [0;1mSET SQL_AUTO_IS_NULL=0[0m


Processing UsersController#index (for 127.0.0.1 at 2011-05-31 15:59:02) [GET]
  [4;35;1mUser Load (0.4ms)[0m   [0mSELECT * FROM `users` [0m
Rendering template within layouts/application
Rendering users/index
  [4;36;1mUser Columns (1.3ms)[0m   [0;1mSHOW FIELDS FROM `users`[0m
Completed in 12ms (View: 6, DB: 2) | 200 OK [http://localhost/users]
  [4;35;1mSQL (0.1ms)[0m   [0mSET SQL_AUTO_IS_NULL=0[0m


Processing UsersController#new (for 127.0.0.1 at 2011-05-31 15:59:13) [GET]
  [4;36;1mUser Columns (17.3ms)[0m   [0;1mSHOW FIELDS FROM `users`[0m
Rendering template within layouts/application
Rendering users/new
Completed in 27ms (View: 5, DB: 17) | 200 OK [http://localhost/users/new]
